C51 COMPILER V9.56.0.0   MAIN                                                              01/31/2018 12:59:13 PAGE 1   


C51 COMPILER V9.56.0.0, COMPILATION OF MODULE MAIN
OBJECT MODULE PLACED IN .\Objects\main.obj
COMPILER INVOKED BY: E:\Keil_v5\C51\BIN\C51.EXE main.c OPTIMIZE(8,SPEED) BROWSE DEBUG OBJECTEXTEND PRINT(.\Listings\main
                    -.lst) TABS(2) OBJECT(.\Objects\main.obj)

line level    source

   1          #include<reg51.h>
   2          #include"lcd.h"
   3          #include"ds1302.h"
   4          
   5          sbit s1=P2^1;
   6          sbit s2=P3^7;
   7          sbit s3=P3^1;
   8          sbit s4=P3^0; 
   9          sbit beep=P2^0;
  10          
  11          bit flag;
  12          uchar miao,fen,shi,ri,yue,we,nian,s1num;
  13          
  14          void LCD_Display();
  15          void delayms();
  16          void di();
  17          void write_week(uchar we);
  18          void keyscan();
  19          void init();
  20          void write_sfm(uchar add,uchar date);
  21          void write_nyr(uchar add,uchar date);
  22          
  23          
  24          void main()
  25          {
  26   1        init();
  27   1        while(1)
  28   1        {
  29   2          if(flag==1)
  30   2          {
  31   3            Ds1302ReadTime();
  32   3            LCD_Display();
  33   3            keyscan();
  34   3            miao=(TIME[0]/16*10+TIME[0]%16);
  35   3            fen=(TIME[1]/16*10+TIME[1]%16);
  36   3            shi=(TIME[2]/16*10+TIME[2]%16);
  37   3            ri=(TIME[3]/16*10+TIME[3]%16);
  38   3            yue=(TIME[4]/16*10+TIME[4]%16);
  39   3            we=(TIME[5]/16*10+TIME[5]%16);
  40   3            nian=(TIME[6]/16*10+TIME[6]%16);    
  41   3          }   
  42   2          else
  43   2          {
  44   3            while(!flag)
  45   3            {
  46   4              keyscan();
  47   4            }
  48   3          }
  49   2        }
  50   1      }
  51          
  52          void LCD_Display()
  53          {
  54   1        LcdWriteCom(0x80+0X40+4);
C51 COMPILER V9.56.0.0   MAIN                                                              01/31/2018 12:59:13 PAGE 2   

  55   1        LcdWriteData('0'+TIME[2]/16);       //时
  56   1        LcdWriteData('0'+(TIME[2]&0x0f));        
  57   1        LcdWriteData(':');
  58   1        LcdWriteData('0'+TIME[1]/16);       //分
  59   1        LcdWriteData('0'+(TIME[1]&0x0f)); 
  60   1        LcdWriteData(':');
  61   1        LcdWriteData('0'+TIME[0]/16);       //秒
  62   1        LcdWriteData('0'+(TIME[0]&0x0f));
  63   1        LcdWriteCom(0x80+1);
  64   1        LcdWriteData('2');
  65   1        LcdWriteData('0');
  66   1        LcdWriteData('0'+TIME[6]/16);     //年
  67   1        LcdWriteData('0'+(TIME[6]&0x0f));
  68   1        LcdWriteData('-');
  69   1        LcdWriteData('0'+TIME[4]/16);     //月
  70   1        LcdWriteData('0'+(TIME[4]&0x0f));
  71   1        LcdWriteData('-');
  72   1        LcdWriteData('0'+TIME[3]/16);     //日
  73   1        LcdWriteData('0'+(TIME[3]&0x0f));
  74   1        write_week(TIME[5]);  //星期      
  75   1      }
  76          
  77          void delayms(uchar xms)   //误差 0us
  78          {
  79   1          unsigned char a,b,c;
  80   1          for(c=xms;c>0;c--)
  81   1              for(b=38;b>0;b--)
  82   1                  for(a=130;a>0;a--);
  83   1      }
  84          
  85          void di()
  86          {
  87   1        beep=0;
  88   1        delayms(100);
  89   1        beep=1;
  90   1      }
  91          
  92          void write_week(uchar we)
  93          {
  94   1        {//1602刷新星期函数 位数为12
  95   2          uchar m;
  96   2          uchar code table1[]="MON";
  97   2          uchar code table2[]="TUE";
  98   2          uchar code table3[]="WED";
  99   2          uchar code table4[]="THU";
 100   2          uchar code table5[]="FRI";
 101   2          uchar code table6[]="SAT";
 102   2          uchar code table7[]="SUN";
 103   2          LcdWriteCom(0x80+12);
 104   2          for(m=0;m<3;m++)
 105   2          {
 106   3            switch(we)
 107   3            {
 108   4              case 1:
 109   4                LcdWriteData(table1[m]);
 110   4                break;
 111   4              case 2:
 112   4                LcdWriteData(table2[m]);
 113   4                break;
 114   4              case 3:
 115   4                LcdWriteData(table3[m]);
 116   4                break;
C51 COMPILER V9.56.0.0   MAIN                                                              01/31/2018 12:59:13 PAGE 3   

 117   4              case 4:
 118   4                LcdWriteData(table4[m]);
 119   4                break;
 120   4              case 5:
 121   4                LcdWriteData(table5[m]);
 122   4                break;
 123   4              case 6:
 124   4                LcdWriteData(table6[m]);
 125   4                break;
 126   4              case 7:
 127   4                LcdWriteData(table7[m]);
 128   4                break;  
 129   4            }
 130   3          }
 131   2        }
 132   1      }
 133          
 134          void keyscan()
 135          {
 136   1        uchar m,n;
 137   1        if(s1==0)
 138   1        {
 139   2          delayms(5);
 140   2          if(s1==0)
 141   2          {
 142   3            s1num++;
 143   3            while(!s1);
 144   3            di();
 145   3            if(s1num==1)
 146   3            {
 147   4              LcdWriteCom(0x80+0x40+10);
 148   4              LcdWriteCom(0x0f);
 149   4              flag=0;
 150   4            }
 151   3            if(s1num==2)
 152   3            {
 153   4              LcdWriteCom(0x80+0x40+7);
 154   4            }
 155   3            if(s1num==3)
 156   3            {
 157   4              LcdWriteCom(0x80+0x40+4);
 158   4            }
 159   3            if(s1num==4)
 160   3            {
 161   4              LcdWriteCom(0x40+12);
 162   4            }
 163   3            if(s1num==5)
 164   3            {
 165   4              LcdWriteCom(0x40+9);    
 166   4            }
 167   3            if(s1num==6)
 168   3            {
 169   4              LcdWriteCom(0x40+6);
 170   4            }
 171   3            if(s1num==7)
 172   3            {
 173   4              LcdWriteCom(0x40+3);
 174   4            }
 175   3            if(s1num==8)
 176   3            {
 177   4              s1num=0;
 178   4              LcdWriteCom(0x0c);
C51 COMPILER V9.56.0.0   MAIN                                                              01/31/2018 12:59:13 PAGE 4   

 179   4              for(m=0;m<7;m++)
 180   4              {
 181   5                switch(m)
 182   5                {
 183   6                  case 0:
 184   6                    TIME[m]=miao;
 185   6                    break;
 186   6                  case 1:
 187   6                    TIME[m]=fen;
 188   6                    break;
 189   6                  case 2:
 190   6                    TIME[m]=shi;
 191   6                    break;
 192   6                  case 3:
 193   6                    TIME[m]=ri;
 194   6                    break;
 195   6                  case 4:
 196   6                    TIME[m]=yue;
 197   6                    break;
 198   6                  case 5:
 199   6                    TIME[m]=we;
 200   6                    break;
 201   6                  case 6:
 202   6                    TIME[m]=nian;
 203   6                    break;
 204   6                }
 205   5                if(TIME[m]/10>0)
 206   5                {
 207   6                  n=TIME[m]/10;
 208   6                  TIME[m]=TIME[m]+6*n;
 209   6                }
 210   5              }
 211   4              Ds1302Init();
 212   4              flag=1;
 213   4            }
 214   3          } 
 215   2      
 216   2        }
 217   1        if(s1num!=0)
 218   1        {
 219   2          if(s2==0)
 220   2          {
 221   3            delayms(5);
 222   3            if(s2==0)
 223   3            {
 224   4              di();
 225   4              switch(s1num)
 226   4              {
 227   5              case 1:
 228   5                miao++;
 229   5                if(miao==60)
 230   5                miao=0;
 231   5                write_sfm(10,miao);
 232   5                LcdWriteCom(0x80+0x40+10);
 233   5                break;
 234   5              case 2:
 235   5                fen++;
 236   5                if(fen==60)
 237   5                fen=0;
 238   5                write_sfm(7,fen);
 239   5                LcdWriteCom(0x80+0x40+7);
 240   5                break;
C51 COMPILER V9.56.0.0   MAIN                                                              01/31/2018 12:59:13 PAGE 5   

 241   5              case 3:
 242   5                shi++;
 243   5                if(shi==24)
 244   5                shi=0;
 245   5                write_sfm(4,shi);
 246   5                LcdWriteCom(0x80+0x40+4);
 247   5                break;
 248   5              case 4:
 249   5                we++;
 250   5                if(we==8)
 251   5                we=1;
 252   5                write_week(we);
 253   5                LcdWriteCom(0x40+12);
 254   5                break;
 255   5              case 5:
 256   5                ri++;
 257   5                if(ri==32)
 258   5                ri=1;
 259   5                write_nyr(9,ri);
 260   5                LcdWriteCom(0x40+9);
 261   5                break;
 262   5              case 6:
 263   5                yue++;
 264   5                if(yue==13)
 265   5                yue=1;
 266   5                write_nyr(6,yue);
 267   5                LcdWriteCom(0x40+6);
 268   5                break;
 269   5              case 7:
 270   5                nian++;
 271   5                if(nian==100)
 272   5                  nian=0;
 273   5                write_nyr(3,nian);
 274   5                LcdWriteCom(0x40+3);
 275   5                break;
 276   5              } 
 277   4            }
 278   3          }
 279   2          if(s3==0)
 280   2          {
 281   3            delayms(5);
 282   3              if(s3==0)
 283   3            {
 284   4              di();
 285   4              switch(s1num)
 286   4              {
 287   5              case 1:
 288   5                if(miao==0)
 289   5                miao=60;
 290   5                miao--;
 291   5                write_sfm(10,miao);
 292   5                LcdWriteCom(0x80+0x40+10);
 293   5                break;
 294   5              case 2:
 295   5                if(fen==0)
 296   5                fen=60;
 297   5                fen--;
 298   5                write_sfm(7,fen);
 299   5                LcdWriteCom(0x80+0x40+7);
 300   5                break;
 301   5              case 3:
 302   5                if(shi==0)
C51 COMPILER V9.56.0.0   MAIN                                                              01/31/2018 12:59:13 PAGE 6   

 303   5                shi=24;
 304   5                shi--;
 305   5                write_sfm(4,shi);
 306   5                LcdWriteCom(0x80+0x40+4);
 307   5                break;
 308   5               case 4:
 309   5                if(we==1)
 310   5                we=8;
 311   5                we--;
 312   5                write_week(we);
 313   5                LcdWriteCom(0x40+12);
 314   5                break;
 315   5              case 5:
 316   5                if(ri==1)
 317   5                ri=32;
 318   5                ri--;
 319   5                write_nyr(9,ri);
 320   5                LcdWriteCom(0x40+9);
 321   5                break;
 322   5              case 6:
 323   5                if(yue==1)
 324   5                yue=13;
 325   5                yue--;
 326   5                write_nyr(6,yue);
 327   5                LcdWriteCom(0x40+6);
 328   5                break;
 329   5              case 7:
 330   5                if(nian==1)
 331   5                  nian=100;
 332   5                nian--;
 333   5                write_nyr(3,nian);
 334   5                LcdWriteCom(0x40+3);
 335   5                break;
 336   5              } 
 337   4            } 
 338   3          }
 339   2        }
 340   1      }
 341          
 342          void init()
 343          {
 344   1        miao=(TIME[0]/16*10+TIME[0]&0x0f);
 345   1        fen=(TIME[1]/16*10+TIME[1]&0x0f);
 346   1        shi=(TIME[2]/16*10+TIME[2]&0x0f);
 347   1        ri=(TIME[3]/16*10+TIME[3]&0x0f);
 348   1        yue=(TIME[4]/16*10+TIME[4]&0x0f);
 349   1        we=(TIME[5]/16*10+TIME[5]&0x0f);
 350   1        nian=(TIME[6]/16*10+TIME[6]&0x0f);
 351   1        s1num=0;
 352   1        flag=1;
 353   1        LcdInit();
 354   1      //  Ds1302Init();
 355   1      }
 356          
 357          void write_sfm(uchar add,uchar date)
 358          {
 359   1        uchar shi,ge;
 360   1        shi=date/10;
 361   1        ge=date%10;
 362   1        LcdWriteCom(0x80+0x40+add);
 363   1        LcdWriteData('0'+shi);
 364   1        LcdWriteData('0'+ge); 
C51 COMPILER V9.56.0.0   MAIN                                                              01/31/2018 12:59:13 PAGE 7   

 365   1      }
 366          
 367          void write_nyr(uchar add,uchar date)
 368          {
 369   1        uchar shi,ge;
 370   1        shi=date/10;
 371   1        ge=date%10;
 372   1        LcdWriteCom(0x80+add);
 373   1        LcdWriteData('0'+shi);
 374   1        LcdWriteData('0'+ge);
 375   1      }


MODULE INFORMATION:   STATIC OVERLAYABLE
   CODE SIZE        =   1324    ----
   CONSTANT SIZE    =     28    ----
   XDATA SIZE       =   ----    ----
   PDATA SIZE       =   ----    ----
   DATA SIZE        =      8       6
   IDATA SIZE       =   ----    ----
   BIT SIZE         =      1    ----
END OF MODULE INFORMATION.


C51 COMPILATION COMPLETE.  0 WARNING(S),  0 ERROR(S)
